#
# There is insufficient memory for the Java Runtime Environment to continue.
# Native memory allocation (mmap) failed to map 264241152 bytes for G1 virtual space
# Possible reasons:
#   The system is out of physical RAM or swap space
#   The process is running with CompressedOops enabled, and the Java Heap may be blocking the growth of the native heap
# Possible solutions:
#   Reduce memory load on the system
#   Increase physical memory or swap space
#   Check if swap backing store is full
#   Decrease Java heap size (-Xmx/-Xms)
#   Decrease number of Java threads
#   Decrease Java thread stack sizes (-Xss)
#   Set larger code cache with -XX:ReservedCodeCacheSize=
#   JVM is running with Zero Based Compressed Oops mode in which the Java heap is
#     placed in the first 32GB address space. The Java Heap base address is the
#     maximum limit for the native heap growth. Please use -XX:HeapBaseMinAddress
#     to set the Java Heap base and to place the Java Heap above 32GB virtual address.
# This output file may be truncated or incomplete.
#
#  Out of Memory Error (os_windows.cpp:3825), pid=31740, tid=10144
#
# JRE version:  (17.0.10) (build )
# Java VM: OpenJDK 64-Bit Server VM (17.0.10+0--11572160, mixed mode, sharing, tiered, compressed oops, compressed class ptrs, g1 gc, windows-amd64)
# No core dump will be written. Minidumps are not enabled by default on client versions of Windows
#

---------------  S U M M A R Y ------------

Command Line: org.jetbrains.kotlin.cli.jvm.K2JVMCompiler @D:\AndroidStudioProjects\FindoraAPI\app\build\20240922_14616681226169823901.compiler.options

Host: 12th Gen Intel(R) Core(TM) i5-12450H, 12 cores, 15G,  Windows 11 , 64 bit Build 22621 (10.0.22621.3958)
Time: Sun Sep 22 17:10:29 2024 South Africa Standard Time elapsed time: 0.011478 seconds (0d 0h 0m 0s)

---------------  T H R E A D  ---------------

Current thread (0x000001b8cf18aa90):  JavaThread "Unknown thread" [_thread_in_vm, id=10144, stack(0x0000006985400000,0x0000006985500000)]

Stack: [0x0000006985400000,0x0000006985500000]
Native frames: (J=compiled Java code, j=interpreted, Vv=VM code, C=native code)
V  [jvm.dll+0x688e89]
V  [jvm.dll+0x84247a]
V  [jvm.dll+0x8440be]
V  [jvm.dll+0x844723]
V  [jvm.dll+0x24be0f]
V  [jvm.dll+0x685c59]
V  [jvm.dll+0x67a50a]
V  [jvm.dll+0x30cbab]
V  [jvm.dll+0x314056]
V  [jvm.dll+0x363dce]
V  [jvm.dll+0x363fff]
V  [jvm.dll+0x2e2978]
V  [jvm.dll+0x2e38e4]
V  [jvm.dll+0x813011]
V  [jvm.dll+0x371c81]
V  [jvm.dll+0x7f1b66]
V  [jvm.dll+0x3f58df]
V  [jvm.dll+0x3f7511]
C  [jli.dll+0x528f]
C  [ucrtbase.dll+0x29333]
C  [KERNEL32.DLL+0x1257d]
C  [ntdll.dll+0x5af28]


---------------  P R O C E S S  ---------------

Threads class SMR info:
_java_thread_list=0x00007fffda99ef58, length=0, elements={
}

Java Threads: ( => current thread )

Other Threads:
  0x000001b8cf1f9520 GCTaskThread "GC Thread#0" [stack: 0x0000006985500000,0x0000006985600000] [id=18428]
  0x000001b8cf20a030 ConcurrentGCThread "G1 Main Marker" [stack: 0x0000006985600000,0x0000006985700000] [id=25768]
  0x000001b8cf20aa50 ConcurrentGCThread "G1 Conc#0" [stack: 0x0000006985700000,0x0000006985800000] [id=37228]

[error occurred during error reporting (printing all threads), id 0xc0000005, EXCEPTION_ACCESS_VIOLATION (0xc0000005) at pc=0x00007fffda153547]

VM state: not at safepoint (not fully initialized)

VM Mutex/Monitor currently owned by a thread:  ([mutex/lock_event])
[0x000001b8cf1861e0] Heap_lock - owner thread: 0x000001b8cf18aa90

Heap address: 0x0000000704400000, size: 4028 MB, Compressed Oops mode: Zero based, Oop shift amount: 3

CDS archive(s) mapped at: [0x0000000000000000-0x0000000000000000-0x0000000000000000), size 0, SharedBaseAddress: 0x0000000800000000, ArchiveRelocationMode: 1.
Narrow klass base: 0x0000000000000000, Narrow klass shift: 0, Narrow klass range: 0x0

GC Precious Log:
<Empty>

Heap:
 garbage-first heap   total 0K, used 0K [0x0000000704400000, 0x0000000800000000)
  region size 2048K, 0 young (0K), 0 survivors (0K)
 Metaspace       used 0K, committed 0K, reserved 0K
  class space    used 0K, committed 0K, reserved 0K

Heap Regions: E=young(eden), S=young(survivor), O=old, HS=humongous(starts), HC=humongous(continues), CS=collection set, F=free, OA=open archive, CA=closed archive, TAMS=top-at-mark-start (previous, next)

Card table byte_map: [0x000001b8e2390000,0x000001b8e2b70000] _byte_map_base: 0x000001b8deb6e000

Marking Bits (Prev, Next): (CMBitMap*) 0x000001b8cf1f9b40, (CMBitMap*) 0x000001b8cf1f9b80
 Prev Bits: [0x000001b8e3350000, 0x000001b8e7240000)
 Next Bits: [0x000001b8e7240000, 0x000001b8eb130000)

GC Heap History (0 events):
No events

Dll operation events (1 events):
Event: 0.007 Loaded shared library C:\Program Files\Android\Android Studio\jbr\bin\java.dll

Deoptimization events (0 events):
No events

Classes unloaded (0 events):
No events

Classes redefined (0 events):
No events

Internal exceptions (0 events):
No events

VM Operations (0 events):
No events

Events (0 events):
No events


Dynamic libraries:
0x00007ff6c8cc0000 - 0x00007ff6c8cca000 	C:\Program Files\Android\Android Studio\jbr\bin\java.exe
0x00007ff9018d0000 - 0x00007ff901ae7000 	C:\WINDOWS\SYSTEM32\ntdll.dll
0x00007ff9002e0000 - 0x00007ff9003a4000 	C:\WINDOWS\System32\KERNEL32.DLL
0x00007ff8fece0000 - 0x00007ff8ff08d000 	C:\WINDOWS\System32\KERNELBASE.dll
0x00007ff8ff300000 - 0x00007ff8ff411000 	C:\WINDOWS\System32\ucrtbase.dll
0x00007ff8be9d0000 - 0x00007ff8be9e7000 	C:\Program Files\Android\Android Studio\jbr\bin\jli.dll
0x00007ff8e8f50000 - 0x00007ff8e8f6b000 	C:\Program Files\Android\Android Studio\jbr\bin\VCRUNTIME140.dll
0x00007ff9016e0000 - 0x00007ff90188e000 	C:\WINDOWS\System32\USER32.dll
0x00007ff8ff2d0000 - 0x00007ff8ff2f6000 	C:\WINDOWS\System32\win32u.dll
0x00007ff900850000 - 0x00007ff900879000 	C:\WINDOWS\System32\GDI32.dll
0x00007ff8ff420000 - 0x00007ff8ff539000 	C:\WINDOWS\System32\gdi32full.dll
0x00007ff8ff0c0000 - 0x00007ff8ff15a000 	C:\WINDOWS\System32\msvcp_win.dll
0x00007ff8deb30000 - 0x00007ff8dedc3000 	C:\WINDOWS\WinSxS\amd64_microsoft.windows.common-controls_6595b64144ccf1df_6.0.22621.3672_none_2713b9d173822955\COMCTL32.dll
0x00007ff9003b0000 - 0x00007ff900457000 	C:\WINDOWS\System32\msvcrt.dll
0x00007ff8ff700000 - 0x00007ff8ff731000 	C:\WINDOWS\System32\IMM32.DLL
0x00007ff8f24a0000 - 0x00007ff8f24ac000 	C:\Program Files\Android\Android Studio\jbr\bin\vcruntime140_1.dll
0x00007ff8c2c80000 - 0x00007ff8c2d0d000 	C:\Program Files\Android\Android Studio\jbr\bin\msvcp140.dll
0x00007fffd9e60000 - 0x00007fffdaae3000 	C:\Program Files\Android\Android Studio\jbr\bin\server\jvm.dll
0x00007ff8ff750000 - 0x00007ff8ff802000 	C:\WINDOWS\System32\ADVAPI32.dll
0x00007ff900910000 - 0x00007ff9009b9000 	C:\WINDOWS\System32\sechost.dll
0x00007ff8ff090000 - 0x00007ff8ff0b8000 	C:\WINDOWS\System32\bcrypt.dll
0x00007ff901230000 - 0x00007ff901344000 	C:\WINDOWS\System32\RPCRT4.dll
0x00007ff8fda40000 - 0x00007ff8fda8d000 	C:\WINDOWS\SYSTEM32\POWRPROF.dll
0x00007ff8e43a0000 - 0x00007ff8e43a9000 	C:\WINDOWS\SYSTEM32\WSOCK32.dll
0x00007ff900180000 - 0x00007ff9001f1000 	C:\WINDOWS\System32\WS2_32.dll
0x00007ff8f3620000 - 0x00007ff8f362a000 	C:\WINDOWS\SYSTEM32\VERSION.dll
0x00007ff8fbde0000 - 0x00007ff8fbe14000 	C:\WINDOWS\SYSTEM32\WINMM.dll
0x00007ff8fda20000 - 0x00007ff8fda33000 	C:\WINDOWS\SYSTEM32\UMPDC.dll
0x00007ff8fdce0000 - 0x00007ff8fdcf8000 	C:\WINDOWS\SYSTEM32\kernel.appcore.dll
0x00007ff8e8e40000 - 0x00007ff8e8e4a000 	C:\Program Files\Android\Android Studio\jbr\bin\jimage.dll
0x00007ff8fc4a0000 - 0x00007ff8fc6d2000 	C:\WINDOWS\SYSTEM32\DBGHELP.DLL
0x00007ff901350000 - 0x00007ff9016dd000 	C:\WINDOWS\System32\combase.dll
0x00007ff900200000 - 0x00007ff9002d7000 	C:\WINDOWS\System32\OLEAUT32.dll
0x00007ff8f3700000 - 0x00007ff8f3732000 	C:\WINDOWS\SYSTEM32\dbgcore.DLL
0x00007ff8febf0000 - 0x00007ff8fec6b000 	C:\WINDOWS\System32\bcryptPrimitives.dll
0x00007ff8bf210000 - 0x00007ff8bf235000 	C:\Program Files\Android\Android Studio\jbr\bin\java.dll

dbghelp: loaded successfully - version: 4.0.5 - missing functions: none
symbol engine: initialized successfully - sym options: 0x614 - pdb path: .;C:\Program Files\Android\Android Studio\jbr\bin;C:\WINDOWS\SYSTEM32;C:\WINDOWS\WinSxS\amd64_microsoft.windows.common-controls_6595b64144ccf1df_6.0.22621.3672_none_2713b9d173822955;C:\Program Files\Android\Android Studio\jbr\bin\server

VM Arguments:
java_command: org.jetbrains.kotlin.cli.jvm.K2JVMCompiler @D:\AndroidStudioProjects\FindoraAPI\app\build\20240922_14616681226169823901.compiler.options
java_class_path (initial): C:\Users\user\.gradle\caches\modules-2\files-2.1\org.jetbrains.kotlin\kotlin-compiler-embeddable\1.9.0\2c8c3a7402becca891f12739b3e9fd2dc2adbd7a\kotlin-compiler-embeddable-1.9.0.jar;C:\Users\user\.gradle\caches\modules-2\files-2.1\org.jetbrains.kotlin\kotlin-stdlib\1.9.0\8ee15ef0c67dc83d874f412d84378d7f0eb50b63\kotlin-stdlib-1.9.0.jar;C:\Users\user\.gradle\caches\modules-2\files-2.1\org.jetbrains.kotlin\kotlin-script-runtime\1.9.0\4b3102cbbb7e1b58d9d1adf89563f00069ffa7d1\kotlin-script-runtime-1.9.0.jar;C:\Users\user\.gradle\caches\modules-2\files-2.1\org.jetbrains.kotlin\kotlin-reflect\1.6.10\1cbe9c92c12a94eea200d23c2bbaedaf3daf5132\kotlin-reflect-1.6.10.jar;C:\Users\user\.gradle\caches\modules-2\files-2.1\org.jetbrains.kotlin\kotlin-daemon-embeddable\1.9.0\186543f5e28cf8d9a0290fecc2cf34301c40a65c\kotlin-daemon-embeddable-1.9.0.jar;C:\Users\user\.gradle\caches\modules-2\files-2.1\org.jetbrains.intellij.deps\trove4j\1.0.20200330\3afb14d5f9ceb459d724e907a21145e8ff394f02\trove4j-1.0.20200330.jar;C:\Users\user\.gradle\caches\modules-2\files-2.1\org.jetbrains.kotlin\kotlin-stdlib-common\1.9.0\cd65c21cfd1eec4d44ef09f9f52b6d9f8a720636\kotlin-stdlib-common-1.9.0.jar;C:\Users\user\.gradle\caches\modules-2\files-2.1\org.jetbrains\annotations\13.0\919f0dfe192fb4e063e7dacadee7f8bb9a2672a9\annotations-13.0.jar
Launcher Type: SUN_STANDARD

[Global flags]
     intx CICompilerCount                          = 4                                         {product} {ergonomic}
     uint ConcGCThreads                            = 3                                         {product} {ergonomic}
     uint G1ConcRefinementThreads                  = 10                                        {product} {ergonomic}
   size_t G1HeapRegionSize                         = 2097152                                   {product} {ergonomic}
    uintx GCDrainStackTargetSize                   = 64                                        {product} {ergonomic}
   size_t InitialHeapSize                          = 264241152                                 {product} {ergonomic}
   size_t MarkStackSize                            = 4194304                                   {product} {ergonomic}
   size_t MaxHeapSize                              = 4223664128                                {product} {ergonomic}
   size_t MinHeapDeltaBytes                        = 2097152                                   {product} {ergonomic}
   size_t MinHeapSize                              = 8388608                                   {product} {ergonomic}
    uintx NonNMethodCodeHeapSize                   = 5839372                                {pd product} {ergonomic}
    uintx NonProfiledCodeHeapSize                  = 122909434                              {pd product} {ergonomic}
    uintx ProfiledCodeHeapSize                     = 122909434                              {pd product} {ergonomic}
    uintx ReservedCodeCacheSize                    = 251658240                              {pd product} {ergonomic}
     bool SegmentedCodeCache                       = true                                      {product} {ergonomic}
   size_t SoftMaxHeapSize                          = 4223664128                             {manageable} {ergonomic}
     bool UseCompressedClassPointers               = true                           {product lp64_product} {ergonomic}
     bool UseCompressedOops                        = true                           {product lp64_product} {ergonomic}
     bool UseG1GC                                  = true                                      {product} {ergonomic}
     bool UseLargePagesIndividualAllocation        = false                                  {pd product} {ergonomic}

Logging:
Log output configuration:
 #0: stdout all=warning uptime,level,tags
 #1: stderr all=off uptime,level,tags

Environment Variables:
PATH=C:\Windows\System32\HWAudioDriver;C:\Windows\system32;C:\Windows;C:\Windows\System32\Wbem;C:\Windows\System32\WindowsPowerShell\v1.0\;C:\Windows\System32\OpenSSH\;C:\Users\Administrator\AppData\Local\Microsoft\WindowsApps;C:\WINDOWS\system32;C:\WINDOWS;C:\WINDOWS\System32\Wbem;C:\WINDOWS\System32\WindowsPowerShell\v1.0\;C:\WINDOWS\System32\OpenSSH\;C:\WINDOWS\system32\config\systemprofile\AppData\Local\Microsoft\WindowsApps;C:\windows\system32\HWAudioDriver\;C:\Program Files\Microsoft SQL Server\150\Tools\Binn\;C:\Program Files\Microsoft SQL Server\Client SDK\ODBC\170\Tools\Binn\;C:\Program Files\dotnet\;C:\Program Files (x86)\Microsoft SQL Server\160\Tools\Binn\;C:\Program Files\Microsoft SQL Server\160\Tools\Binn\;C:\Program Files\Microsoft SQL Server\160\DTS\Binn\;C:\Program Files (x86)\Microsoft SQL Server\160\DTS\Binn\;C:\Program Files\Azure Data Studio\bin;C:\Program Files\Git\cmd;C:\Users\user\Downloads\winlibs-x86_64-posix-seh-gcc-14.1.0-llvm-18.1.8-mingw-w64ucrt-12.0.0-r3\mingw64\bin;C:\Program Files\nodejs\;C:\Program Files\Docker\Docker\resources\bin;C:\Users\user\AppData\Local\Microsoft\WindowsApps;C:\Users\user\.dotnet\tools;C:\Program Files\Azure Data Studio\bin;C:\Users\user\AppData\Local\Programs\Microsoft VS Code\bin;C:\Users\user\AppData\Roaming\npm
USERNAME=user
OS=Windows_NT
PROCESSOR_IDENTIFIER=Intel64 Family 6 Model 154 Stepping 3, GenuineIntel
TMP=C:\Users\user\AppData\Local\Temp
TEMP=C:\Users\user\AppData\Local\Temp



Periodic native trim disabled

JNI global refs:
JNI global refs: 0, weak refs: 0

JNI global refs memory usage: 0, weak refs: 0

OOME stack traces (most recent first):
Classloader memory used:


---------------  S Y S T E M  ---------------

OS:
 Windows 11 , 64 bit Build 22621 (10.0.22621.3958)
OS uptime: 20 days 12:34 hours
Hyper-V role detected

CPU: total 12 (initial active 12) (6 cores per cpu, 2 threads per core) family 6 model 154 stepping 3 microcode 0x426, cx8, cmov, fxsr, ht, mmx, 3dnowpref, sse, sse2, sse3, ssse3, sse4.1, sse4.2, popcnt, lzcnt, tsc, tscinvbit, avx, avx2, aes, erms, clmul, bmi1, bmi2, adx, sha, fma, vzeroupper, clflush, clflushopt, clwb, hv
Processor Information for all 12 processors :
  Max Mhz: 2000, Current Mhz: 2000, Mhz Limit: 2000

Memory: 4k page, system-wide physical 16108M (725M free)
TotalPageFile size 41708M (AvailPageFile size 143M)
current process WorkingSet (physical memory assigned to process): 11M, peak: 11M
current process commit charge ("private bytes"): 64M, peak: 316M

vm_info: OpenJDK 64-Bit Server VM (17.0.10+0--11572160) for windows-amd64 JRE (17.0.10+0--11572160), built on Mar 13 2024 23:56:38 by "androidbuild" with MS VC++ 16.10 / 16.11 (VS2019)

END.
